<?xml version="1.0" encoding="UTF-8"?>
<testng-results ignored="1" total="1" passed="0" failed="0" skipped="0">
  <reporter-output>
  </reporter-output>
  <suite started-at="2024-05-19T17:19:59 IST" name="Sanity Suite" finished-at="2024-05-19T17:19:59 IST" duration-ms="21">
    <groups>
    </groups>
    <test started-at="2024-05-19T17:19:59 IST" name="Sanity Test" finished-at="2024-05-19T17:19:59 IST" duration-ms="21">
    </test> <!-- Sanity Test -->
  </suite> <!-- Sanity Suite -->
</testng-results>
